<?xml version="1.0" encoding="UTF-8"?>
<!-- Generated by org.testng.reporters.JUnitReportReporter -->
<testsuite skipped="0" hostname="LAPTOP-839F16UB" name="suite.Regression" tests="1" failures="0" timestamp="30 nov 2017 18:49:53 GMT" time="26.250" errors="0">
  <testcase name="YoutubeAccessTest" time="26.250" classname="suite.Regression"/>
</testsuite> <!-- suite.Regression -->
