<?xml version="1.0" encoding="UTF-8"?>
<!-- Generated by org.testng.reporters.JUnitReportReporter -->
<testsuite skipped="0" hostname="LAPTOP-839F16UB" name="suite.Regression" tests="1" failures="0" timestamp="05 oct 2017 04:33:08 GMT" time="1.976" errors="0">
  <testcase name="Test" time="1.976" classname="suite.Regression"/>
</testsuite> <!-- suite.Regression -->
