<?xml version="1.0" encoding="UTF-8"?>
<!-- Generated by org.testng.reporters.JUnitReportReporter -->
<testsuite skipped="0" hostname="LAPTOP-839F16UB" name="suite.Regression" tests="1" failures="0" timestamp="04 nov 2017 03:18:30 GMT" time="19.223" errors="0">
  <testcase name="YoutubeAccessTest" time="19.223" classname="suite.Regression"/>
</testsuite> <!-- suite.Regression -->
